# JRE version: OpenJDK Runtime Environment Zulu21.36+17-CA (21.0.4+7) (build 21.0.4+7-LTS)
# Java VM: OpenJDK 64-Bit Server VM Zulu21.36+17-CA (21.0.4+7-LTS, mixed mode, sharing, tiered, compressed oops, compressed class ptrs, g1 gc, bsd-aarch64)
GC Precious Log:
 CardTable entry size: 512
 Card Set container configuration: InlinePtr #cards 4 size 8 Array Of Cards #cards 16 size 48 Howl #buckets 8 coarsen threshold 3686 Howl Bitmap #cards 512 size 80 coarsen threshold 460 Card regions per heap region 1 cards per card region 4096
 CPUs: 8 total, 8 available
 Memory: 16384M
 Large Page Support: Disabled
 NUMA Support: Disabled
 Compressed Oops: Enabled (Zero based)
 Heap Region Size: 2M
 Heap Min Capacity: 8M
 Heap Initial Capacity: 256M
 Heap Max Capacity: 4G
 Pre-touch: Disabled
 Parallel Workers: 8
 Concurrent Workers: 2
 Concurrent Refinement Workers: 8
 Periodic GC: Disabled
Heap:
 garbage-first heap   total 149504K, used 20965K [0x0000000700000000, 0x0000000800000000)
  region size 2048K, 7 young (14336K), 2 survivors (4096K)
 Metaspace       used 48727K, committed 49216K, reserved 1114112K
  class space    used 5611K, committed 5824K, reserved 1048576K
GC Heap History (16 events):
Event: 0.214 GC heap before
{Heap before GC invocations=0 (full 0):
 garbage-first heap   total 264192K, used 21525K [0x0000000700000000, 0x0000000800000000)
  region size 2048K, 11 young (22528K), 0 survivors (0K)
 Metaspace       used 7658K, committed 7808K, reserved 1114112K
  class space    used 734K, committed 832K, reserved 1048576K
}
Event: 0.216 GC heap after
{Heap after GC invocations=1 (full 0):
 garbage-first heap   total 264192K, used 3892K [0x0000000700000000, 0x0000000800000000)
  region size 2048K, 2 young (4096K), 2 survivors (4096K)
 Metaspace       used 7658K, committed 7808K, reserved 1114112K
  class space    used 734K, committed 832K, reserved 1048576K
}
Event: 1.466 GC heap before
{Heap before GC invocations=1 (full 0):
 garbage-first heap   total 264192K, used 32564K [0x0000000700000000, 0x0000000800000000)
  region size 2048K, 17 young (34816K), 2 survivors (4096K)
 Metaspace       used 19820K, committed 20096K, reserved 1114112K
  class space    used 2195K, committed 2304K, reserved 1048576K
}
Event: 1.468 GC heap after
{Heap after GC invocations=2 (full 0):
 garbage-first heap   total 264192K, used 6621K [0x0000000700000000, 0x0000000800000000)
  region size 2048K, 3 young (6144K), 3 survivors (6144K)
 Metaspace       used 19820K, committed 20096K, reserved 1114112K
  class space    used 2195K, committed 2304K, reserved 1048576K
}
Event: 1.494 GC heap before
{Heap before GC invocations=2 (full 0):
 garbage-first heap   total 264192K, used 8669K [0x0000000700000000, 0x0000000800000000)
  region size 2048K, 6 young (12288K), 3 survivors (6144K)
 Metaspace       used 21286K, committed 21504K, reserved 1114112K
  class space    used 2319K, committed 2432K, reserved 1048576K
}
Event: 1.496 GC heap after
{Heap after GC invocations=3 (full 0):
 garbage-first heap   total 264192K, used 6471K [0x0000000700000000, 0x0000000800000000)
  region size 2048K, 3 young (6144K), 3 survivors (6144K)
 Metaspace       used 21286K, committed 21504K, reserved 1114112K
  class space    used 2319K, committed 2432K, reserved 1048576K
}
Event: 1.672 GC heap before
{Heap before GC invocations=4 (full 0):
 garbage-first heap   total 28672K, used 26951K [0x0000000700000000, 0x0000000800000000)
  region size 2048K, 13 young (26624K), 3 survivors (6144K)
 Metaspace       used 27519K, committed 27776K, reserved 1114112K
  class space    used 2907K, committed 3008K, reserved 1048576K
}
Event: 1.674 GC heap after
{Heap after GC invocations=5 (full 0):
 garbage-first heap   total 34816K, used 7006K [0x0000000700000000, 0x0000000800000000)
  region size 2048K, 3 young (6144K), 3 survivors (6144K)
 Metaspace       used 27519K, committed 27776K, reserved 1114112K
  class space    used 2907K, committed 3008K, reserved 1048576K
}
Event: 1.791 GC heap before
{Heap before GC invocations=5 (full 0):
 garbage-first heap   total 34816K, used 21342K [0x0000000700000000, 0x0000000800000000)
  region size 2048K, 10 young (20480K), 3 survivors (6144K)
 Metaspace       used 30993K, committed 31360K, reserved 1114112K
  class space    used 3328K, committed 3456K, reserved 1048576K
}
Event: 1.795 GC heap after
{Heap after GC invocations=6 (full 0):
 garbage-first heap   total 34816K, used 7621K [0x0000000700000000, 0x0000000800000000)
  region size 2048K, 1 young (2048K), 1 survivors (2048K)
 Metaspace       used 30993K, committed 31360K, reserved 1114112K
  class space    used 3328K, committed 3456K, reserved 1048576K
}
Event: 1.912 GC heap before
{Heap before GC invocations=6 (full 0):
 garbage-first heap   total 34816K, used 21957K [0x0000000700000000, 0x0000000800000000)
  region size 2048K, 10 young (20480K), 1 survivors (2048K)
 Metaspace       used 35781K, committed 36096K, reserved 1114112K
  class space    used 3825K, committed 3968K, reserved 1048576K
}
Event: 1.915 GC heap after
{Heap after GC invocations=7 (full 0):
 garbage-first heap   total 34816K, used 9675K [0x0000000700000000, 0x0000000800000000)
  region size 2048K, 2 young (4096K), 2 survivors (4096K)
 Metaspace       used 35781K, committed 36096K, reserved 1114112K
  class space    used 3825K, committed 3968K, reserved 1048576K
}
Event: 2.205 GC heap before
{Heap before GC invocations=8 (full 0):
 garbage-first heap   total 34816K, used 24011K [0x0000000700000000, 0x0000000800000000)
  region size 2048K, 10 young (20480K), 2 survivors (4096K)
 Metaspace       used 42456K, committed 42816K, reserved 1114112K
  class space    used 4713K, committed 4864K, reserved 1048576K
}
Event: 2.217 GC heap after
{Heap after GC invocations=9 (full 0):
 garbage-first heap   total 34816K, used 11578K [0x0000000700000000, 0x0000000800000000)
  region size 2048K, 2 young (4096K), 2 survivors (4096K)
 Metaspace       used 42456K, committed 42816K, reserved 1114112K
  class space    used 4713K, committed 4864K, reserved 1048576K
}
Event: 2.553 GC heap before
{Heap before GC invocations=9 (full 0):
 garbage-first heap   total 34816K, used 23866K [0x0000000700000000, 0x0000000800000000)
  region size 2048K, 9 young (18432K), 2 survivors (4096K)
 Metaspace       used 46491K, committed 46976K, reserved 1114112K
  class space    used 5253K, committed 5440K, reserved 1048576K
}
Event: 2.555 GC heap after
{Heap after GC invocations=10 (full 0):
 garbage-first heap   total 149504K, used 12773K [0x0000000700000000, 0x0000000800000000)
  region size 2048K, 2 young (4096K), 2 survivors (4096K)
 Metaspace       used 46491K, committed 46976K, reserved 1114112K
  class space    used 5253K, committed 5440K, reserved 1048576K
}

